0 info it worked if it ends with ok
1 verbose cli [ 'c:\\Program Files\\nodejs\\node.exe',
1 verbose cli   'c:\\Program Files\\nodejs\\node_modules\\npm\\bin\\npm-cli.js',
1 verbose cli   'start' ]
2 info using npm@3.10.10
3 info using node@v7.2.1
4 verbose run-script [ 'prestart', 'start', 'poststart' ]
5 info lifecycle coen3463-m4t5@0.0.0~prestart: coen3463-m4t5@0.0.0
6 silly lifecycle coen3463-m4t5@0.0.0~prestart: no script for prestart, continuing
7 info lifecycle coen3463-m4t5@0.0.0~start: coen3463-m4t5@0.0.0
8 verbose lifecycle coen3463-m4t5@0.0.0~start: unsafe-perm in lifecycle true
9 verbose lifecycle coen3463-m4t5@0.0.0~start: PATH: c:\Program Files\nodejs\node_modules\npm\bin\node-gyp-bin;c:\Users\BATMAN\Documents\node\Projects\coen3463-m4t5\node_modules\.bin;c:\Users\BATMAN\bin;.;C:\Program Files\Git\local\bin;C:\Program Files\Git\mingw\bin;C:\Program Files\Git\bin;C:\Program Files\Git\bin;c:\ProgramData\Oracle\Java\javapath;c:\Python34\;c:\Python34\Scripts;c:\Program Files\Java\jdk1.7.0_45\bin;c:\Program Files\Microsoft SQL Server\100\Tools\Binn\;c:\Program Files\Microsoft SQL Server\100\DTS\Binn\;c:\OpenCV2.3.1\build\x86\vc10\bin;c:\Program Files\OpenCV\bin\;c:\Program Files\nodejs\;c:\Program Files\Heroku\bin;c:\Windows\System32\;c:\Program Files\Java\jdk1.7.0_45\bin;c:\Users\BATMAN\AppData\Roaming\npm
10 verbose lifecycle coen3463-m4t5@0.0.0~start: CWD: c:\Users\BATMAN\Documents\node\Projects\coen3463-m4t5
11 silly lifecycle coen3463-m4t5@0.0.0~start: Args: [ '/d /s /c', 'node ./bin/www' ]
12 silly lifecycle coen3463-m4t5@0.0.0~start: Returned: code: 1  signal: null
13 info lifecycle coen3463-m4t5@0.0.0~start: Failed to exec start script
14 verbose stack Error: coen3463-m4t5@0.0.0 start: `node ./bin/www`
14 verbose stack Exit status 1
14 verbose stack     at EventEmitter.<anonymous> (c:\Program Files\nodejs\node_modules\npm\lib\utils\lifecycle.js:255:16)
14 verbose stack     at emitTwo (events.js:106:13)
14 verbose stack     at EventEmitter.emit (events.js:191:7)
14 verbose stack     at ChildProcess.<anonymous> (c:\Program Files\nodejs\node_modules\npm\lib\utils\spawn.js:40:14)
14 verbose stack     at emitTwo (events.js:106:13)
14 verbose stack     at ChildProcess.emit (events.js:191:7)
14 verbose stack     at maybeClose (internal/child_process.js:885:16)
14 verbose stack     at Process.ChildProcess._handle.onexit (internal/child_process.js:226:5)
15 verbose pkgid coen3463-m4t5@0.0.0
16 verbose cwd c:\Users\BATMAN\Documents\node\Projects\coen3463-m4t5
17 error Windows_NT 6.1.7601
18 error argv "c:\\Program Files\\nodejs\\node.exe" "c:\\Program Files\\nodejs\\node_modules\\npm\\bin\\npm-cli.js" "start"
19 error node v7.2.1
20 error npm  v3.10.10
21 error code ELIFECYCLE
22 error coen3463-m4t5@0.0.0 start: `node ./bin/www`
22 error Exit status 1
23 error Failed at the coen3463-m4t5@0.0.0 start script 'node ./bin/www'.
23 error Make sure you have the latest version of node.js and npm installed.
23 error If you do, this is most likely a problem with the coen3463-m4t5 package,
23 error not with npm itself.
23 error Tell the author that this fails on your system:
23 error     node ./bin/www
23 error You can get information on how to open an issue for this project with:
23 error     npm bugs coen3463-m4t5
23 error Or if that isn't available, you can get their info via:
23 error     npm owner ls coen3463-m4t5
23 error There is likely additional logging output above.
24 verbose exit [ 1, true ]
